CRITICAL - 2022-03-29 07:38:21 --> valid_username is not a valid rule.
#0 D:\pt-bisnis-integrasi-global\studi-kasus\system\Validation\Validation.php(300): CodeIgniter\Validation\Exceptions\ValidationException::forRuleNotFound('valid_username')
#1 D:\pt-bisnis-integrasi-global\studi-kasus\system\Validation\Validation.php(157): CodeIgniter\Validation\Validation->processRules('username', 'username', 'testinguser', Array, Array)
#2 D:\pt-bisnis-integrasi-global\studi-kasus\system\Controller.php(160): CodeIgniter\Validation\Validation->run()
#3 D:\pt-bisnis-integrasi-global\studi-kasus\app\Controllers\Register.php(26): CodeIgniter\Controller->validate(Array)
#4 D:\pt-bisnis-integrasi-global\studi-kasus\system\CodeIgniter.php(832): App\Controllers\Register->index()
#5 D:\pt-bisnis-integrasi-global\studi-kasus\system\CodeIgniter.php(419): CodeIgniter\CodeIgniter->runController(Object(App\Controllers\Register))
#6 D:\pt-bisnis-integrasi-global\studi-kasus\system\CodeIgniter.php(326): CodeIgniter\CodeIgniter->handleRequest(NULL, Object(Config\Cache), false)
#7 D:\pt-bisnis-integrasi-global\studi-kasus\public\index.php(37): CodeIgniter\CodeIgniter->run()
#8 D:\pt-bisnis-integrasi-global\studi-kasus\system\Commands\Server\rewrite.php(43): require_once('D:\\pt-bisnis-in...')
#9 {main}
CRITICAL - 2022-03-29 09:20:27 --> Array callback must have exactly two elements
#0 D:\pt-bisnis-integrasi-global\studi-kasus\system\CodeIgniter.php(832): App\Controllers\Login->index()
#1 D:\pt-bisnis-integrasi-global\studi-kasus\system\CodeIgniter.php(419): CodeIgniter\CodeIgniter->runController(Object(App\Controllers\Login))
#2 D:\pt-bisnis-integrasi-global\studi-kasus\system\CodeIgniter.php(326): CodeIgniter\CodeIgniter->handleRequest(NULL, Object(Config\Cache), false)
#3 D:\pt-bisnis-integrasi-global\studi-kasus\public\index.php(37): CodeIgniter\CodeIgniter->run()
#4 D:\pt-bisnis-integrasi-global\studi-kasus\system\Commands\Server\rewrite.php(43): require_once('D:\\pt-bisnis-in...')
#5 {main}
ERROR - 2022-03-29 09:24:40 --> Table 'users' already exists
CRITICAL - 2022-03-29 10:09:43 --> Too few arguments to function Firebase\JWT\JWT::encode(), 2 passed in D:\pt-bisnis-integrasi-global\studi-kasus\app\Controllers\Login.php on line 51 and at least 3 expected
#0 D:\pt-bisnis-integrasi-global\studi-kasus\app\Controllers\Login.php(51): Firebase\JWT\JWT::encode(Array, 'asiajvoeiaklnsv...')
#1 D:\pt-bisnis-integrasi-global\studi-kasus\system\CodeIgniter.php(832): App\Controllers\Login->index()
#2 D:\pt-bisnis-integrasi-global\studi-kasus\system\CodeIgniter.php(419): CodeIgniter\CodeIgniter->runController(Object(App\Controllers\Login))
#3 D:\pt-bisnis-integrasi-global\studi-kasus\system\CodeIgniter.php(326): CodeIgniter\CodeIgniter->handleRequest(NULL, Object(Config\Cache), false)
#4 D:\pt-bisnis-integrasi-global\studi-kasus\public\index.php(37): CodeIgniter\CodeIgniter->run()
#5 D:\pt-bisnis-integrasi-global\studi-kasus\system\Commands\Server\rewrite.php(43): require_once('D:\\pt-bisnis-in...')
#6 {main}
CRITICAL - 2022-03-29 10:35:45 --> CodeIgniter\RESTful\ResourceController::respond(): Argument #2 ($status) must be of type ?int, string given, called in D:\pt-bisnis-integrasi-global\studi-kasus\app\Controllers\Login.php on line 51
#0 D:\pt-bisnis-integrasi-global\studi-kasus\app\Controllers\Login.php(51): CodeIgniter\RESTful\ResourceController->respond('eyJ0eXAiOiJKV1Q...', 'Valid Credentia...')
#1 D:\pt-bisnis-integrasi-global\studi-kasus\system\CodeIgniter.php(832): App\Controllers\Login->index()
#2 D:\pt-bisnis-integrasi-global\studi-kasus\system\CodeIgniter.php(419): CodeIgniter\CodeIgniter->runController(Object(App\Controllers\Login))
#3 D:\pt-bisnis-integrasi-global\studi-kasus\system\CodeIgniter.php(326): CodeIgniter\CodeIgniter->handleRequest(NULL, Object(Config\Cache), false)
#4 D:\pt-bisnis-integrasi-global\studi-kasus\public\index.php(37): CodeIgniter\CodeIgniter->run()
#5 D:\pt-bisnis-integrasi-global\studi-kasus\system\Commands\Server\rewrite.php(43): require_once('D:\\pt-bisnis-in...')
#6 {main}
CRITICAL - 2022-03-29 10:42:07 --> App\Controllers\Login::respond(): Argument #2 ($status) must be of type ?int, string given, called in D:\pt-bisnis-integrasi-global\studi-kasus\app\Controllers\Login.php on line 52
#0 D:\pt-bisnis-integrasi-global\studi-kasus\app\Controllers\Login.php(52): App\Controllers\Login->respond('eyJ0eXAiOiJKV1Q...', 'Valid Credentia...')
#1 D:\pt-bisnis-integrasi-global\studi-kasus\system\CodeIgniter.php(832): App\Controllers\Login->index()
#2 D:\pt-bisnis-integrasi-global\studi-kasus\system\CodeIgniter.php(419): CodeIgniter\CodeIgniter->runController(Object(App\Controllers\Login))
#3 D:\pt-bisnis-integrasi-global\studi-kasus\system\CodeIgniter.php(326): CodeIgniter\CodeIgniter->handleRequest(NULL, Object(Config\Cache), false)
#4 D:\pt-bisnis-integrasi-global\studi-kasus\public\index.php(37): CodeIgniter\CodeIgniter->run()
#5 D:\pt-bisnis-integrasi-global\studi-kasus\system\Commands\Server\rewrite.php(43): require_once('D:\\pt-bisnis-in...')
#6 {main}
CRITICAL - 2022-03-29 12:25:00 --> explode(): Passing null to parameter #2 ($string) of type string is deprecated
#0 [internal function]: CodeIgniter\Debug\Exceptions->errorHandler(8192, 'explode(): Pass...', 'D:\\pt-bisnis-in...', 37)
#1 D:\pt-bisnis-integrasi-global\studi-kasus\app\Filters\Auth.php(37): explode(' ', NULL)
#2 D:\pt-bisnis-integrasi-global\studi-kasus\system\Filters\Filters.php(173): App\Filters\Auth->before(Object(CodeIgniter\HTTP\IncomingRequest), NULL)
#3 D:\pt-bisnis-integrasi-global\studi-kasus\system\CodeIgniter.php(393): CodeIgniter\Filters\Filters->run('/', 'before')
#4 D:\pt-bisnis-integrasi-global\studi-kasus\system\CodeIgniter.php(326): CodeIgniter\CodeIgniter->handleRequest(NULL, Object(Config\Cache), false)
#5 D:\pt-bisnis-integrasi-global\studi-kasus\public\index.php(37): CodeIgniter\CodeIgniter->run()
#6 D:\pt-bisnis-integrasi-global\studi-kasus\system\Commands\Server\rewrite.php(43): require_once('D:\\pt-bisnis-in...')
#7 {main}
CRITICAL - 2022-03-29 12:25:12 --> explode(): Passing null to parameter #2 ($string) of type string is deprecated
#0 [internal function]: CodeIgniter\Debug\Exceptions->errorHandler(8192, 'explode(): Pass...', 'D:\\pt-bisnis-in...', 37)
#1 D:\pt-bisnis-integrasi-global\studi-kasus\app\Filters\Auth.php(37): explode(' ', NULL)
#2 D:\pt-bisnis-integrasi-global\studi-kasus\system\Filters\Filters.php(173): App\Filters\Auth->before(Object(CodeIgniter\HTTP\IncomingRequest), NULL)
#3 D:\pt-bisnis-integrasi-global\studi-kasus\system\CodeIgniter.php(393): CodeIgniter\Filters\Filters->run('/', 'before')
#4 D:\pt-bisnis-integrasi-global\studi-kasus\system\CodeIgniter.php(326): CodeIgniter\CodeIgniter->handleRequest(NULL, Object(Config\Cache), false)
#5 D:\pt-bisnis-integrasi-global\studi-kasus\public\index.php(37): CodeIgniter\CodeIgniter->run()
#6 D:\pt-bisnis-integrasi-global\studi-kasus\system\Commands\Server\rewrite.php(43): require_once('D:\\pt-bisnis-in...')
#7 {main}
CRITICAL - 2022-03-29 12:25:15 --> explode(): Passing null to parameter #2 ($string) of type string is deprecated
#0 [internal function]: CodeIgniter\Debug\Exceptions->errorHandler(8192, 'explode(): Pass...', 'D:\\pt-bisnis-in...', 37)
#1 D:\pt-bisnis-integrasi-global\studi-kasus\app\Filters\Auth.php(37): explode(' ', NULL)
#2 D:\pt-bisnis-integrasi-global\studi-kasus\system\Filters\Filters.php(173): App\Filters\Auth->before(Object(CodeIgniter\HTTP\IncomingRequest), NULL)
#3 D:\pt-bisnis-integrasi-global\studi-kasus\system\CodeIgniter.php(393): CodeIgniter\Filters\Filters->run('/', 'before')
#4 D:\pt-bisnis-integrasi-global\studi-kasus\system\CodeIgniter.php(326): CodeIgniter\CodeIgniter->handleRequest(NULL, Object(Config\Cache), false)
#5 D:\pt-bisnis-integrasi-global\studi-kasus\public\index.php(37): CodeIgniter\CodeIgniter->run()
#6 D:\pt-bisnis-integrasi-global\studi-kasus\system\Commands\Server\rewrite.php(43): require_once('D:\\pt-bisnis-in...')
#7 {main}
CRITICAL - 2022-03-29 12:26:04 --> explode(): Passing null to parameter #2 ($string) of type string is deprecated
#0 [internal function]: CodeIgniter\Debug\Exceptions->errorHandler(8192, 'explode(): Pass...', 'D:\\pt-bisnis-in...', 37)
#1 D:\pt-bisnis-integrasi-global\studi-kasus\app\Filters\Auth.php(37): explode(' ', NULL)
#2 D:\pt-bisnis-integrasi-global\studi-kasus\system\Filters\Filters.php(173): App\Filters\Auth->before(Object(CodeIgniter\HTTP\IncomingRequest), NULL)
#3 D:\pt-bisnis-integrasi-global\studi-kasus\system\CodeIgniter.php(393): CodeIgniter\Filters\Filters->run('/', 'before')
#4 D:\pt-bisnis-integrasi-global\studi-kasus\system\CodeIgniter.php(326): CodeIgniter\CodeIgniter->handleRequest(NULL, Object(Config\Cache), false)
#5 D:\pt-bisnis-integrasi-global\studi-kasus\public\index.php(37): CodeIgniter\CodeIgniter->run()
#6 D:\pt-bisnis-integrasi-global\studi-kasus\system\Commands\Server\rewrite.php(43): require_once('D:\\pt-bisnis-in...')
#7 {main}
CRITICAL - 2022-03-29 12:26:05 --> explode(): Passing null to parameter #2 ($string) of type string is deprecated
#0 [internal function]: CodeIgniter\Debug\Exceptions->errorHandler(8192, 'explode(): Pass...', 'D:\\pt-bisnis-in...', 37)
#1 D:\pt-bisnis-integrasi-global\studi-kasus\app\Filters\Auth.php(37): explode(' ', NULL)
#2 D:\pt-bisnis-integrasi-global\studi-kasus\system\Filters\Filters.php(173): App\Filters\Auth->before(Object(CodeIgniter\HTTP\IncomingRequest), NULL)
#3 D:\pt-bisnis-integrasi-global\studi-kasus\system\CodeIgniter.php(393): CodeIgniter\Filters\Filters->run('/', 'before')
#4 D:\pt-bisnis-integrasi-global\studi-kasus\system\CodeIgniter.php(326): CodeIgniter\CodeIgniter->handleRequest(NULL, Object(Config\Cache), false)
#5 D:\pt-bisnis-integrasi-global\studi-kasus\public\index.php(37): CodeIgniter\CodeIgniter->run()
#6 D:\pt-bisnis-integrasi-global\studi-kasus\system\Commands\Server\rewrite.php(43): require_once('D:\\pt-bisnis-in...')
#7 {main}
CRITICAL - 2022-03-29 12:26:31 --> explode(): Passing null to parameter #2 ($string) of type string is deprecated
#0 [internal function]: CodeIgniter\Debug\Exceptions->errorHandler(8192, 'explode(): Pass...', 'D:\\pt-bisnis-in...', 37)
#1 D:\pt-bisnis-integrasi-global\studi-kasus\app\Filters\Auth.php(37): explode('', NULL)
#2 D:\pt-bisnis-integrasi-global\studi-kasus\system\Filters\Filters.php(173): App\Filters\Auth->before(Object(CodeIgniter\HTTP\IncomingRequest), NULL)
#3 D:\pt-bisnis-integrasi-global\studi-kasus\system\CodeIgniter.php(393): CodeIgniter\Filters\Filters->run('/', 'before')
#4 D:\pt-bisnis-integrasi-global\studi-kasus\system\CodeIgniter.php(326): CodeIgniter\CodeIgniter->handleRequest(NULL, Object(Config\Cache), false)
#5 D:\pt-bisnis-integrasi-global\studi-kasus\public\index.php(37): CodeIgniter\CodeIgniter->run()
#6 D:\pt-bisnis-integrasi-global\studi-kasus\system\Commands\Server\rewrite.php(43): require_once('D:\\pt-bisnis-in...')
#7 {main}
CRITICAL - 2022-03-29 12:29:59 --> explode(): Passing null to parameter #2 ($string) of type string is deprecated
#0 [internal function]: CodeIgniter\Debug\Exceptions->errorHandler(8192, 'explode(): Pass...', 'D:\\pt-bisnis-in...', 37)
#1 D:\pt-bisnis-integrasi-global\studi-kasus\app\Filters\Auth.php(37): explode('', NULL)
#2 D:\pt-bisnis-integrasi-global\studi-kasus\system\Filters\Filters.php(173): App\Filters\Auth->before(Object(CodeIgniter\HTTP\IncomingRequest), NULL)
#3 D:\pt-bisnis-integrasi-global\studi-kasus\system\CodeIgniter.php(393): CodeIgniter\Filters\Filters->run('/', 'before')
#4 D:\pt-bisnis-integrasi-global\studi-kasus\system\CodeIgniter.php(326): CodeIgniter\CodeIgniter->handleRequest(NULL, Object(Config\Cache), false)
#5 D:\pt-bisnis-integrasi-global\studi-kasus\public\index.php(37): CodeIgniter\CodeIgniter->run()
#6 D:\pt-bisnis-integrasi-global\studi-kasus\system\Commands\Server\rewrite.php(43): require_once('D:\\pt-bisnis-in...')
#7 {main}
CRITICAL - 2022-03-29 12:30:04 --> explode(): Passing null to parameter #2 ($string) of type string is deprecated
#0 [internal function]: CodeIgniter\Debug\Exceptions->errorHandler(8192, 'explode(): Pass...', 'D:\\pt-bisnis-in...', 37)
#1 D:\pt-bisnis-integrasi-global\studi-kasus\app\Filters\Auth.php(37): explode('', NULL)
#2 D:\pt-bisnis-integrasi-global\studi-kasus\system\Filters\Filters.php(173): App\Filters\Auth->before(Object(CodeIgniter\HTTP\IncomingRequest), NULL)
#3 D:\pt-bisnis-integrasi-global\studi-kasus\system\CodeIgniter.php(393): CodeIgniter\Filters\Filters->run('/', 'before')
#4 D:\pt-bisnis-integrasi-global\studi-kasus\system\CodeIgniter.php(326): CodeIgniter\CodeIgniter->handleRequest(NULL, Object(Config\Cache), false)
#5 D:\pt-bisnis-integrasi-global\studi-kasus\public\index.php(37): CodeIgniter\CodeIgniter->run()
#6 D:\pt-bisnis-integrasi-global\studi-kasus\system\Commands\Server\rewrite.php(43): require_once('D:\\pt-bisnis-in...')
#7 {main}
CRITICAL - 2022-03-29 12:30:05 --> explode(): Passing null to parameter #2 ($string) of type string is deprecated
#0 [internal function]: CodeIgniter\Debug\Exceptions->errorHandler(8192, 'explode(): Pass...', 'D:\\pt-bisnis-in...', 37)
#1 D:\pt-bisnis-integrasi-global\studi-kasus\app\Filters\Auth.php(37): explode('', NULL)
#2 D:\pt-bisnis-integrasi-global\studi-kasus\system\Filters\Filters.php(173): App\Filters\Auth->before(Object(CodeIgniter\HTTP\IncomingRequest), NULL)
#3 D:\pt-bisnis-integrasi-global\studi-kasus\system\CodeIgniter.php(393): CodeIgniter\Filters\Filters->run('/', 'before')
#4 D:\pt-bisnis-integrasi-global\studi-kasus\system\CodeIgniter.php(326): CodeIgniter\CodeIgniter->handleRequest(NULL, Object(Config\Cache), false)
#5 D:\pt-bisnis-integrasi-global\studi-kasus\public\index.php(37): CodeIgniter\CodeIgniter->run()
#6 D:\pt-bisnis-integrasi-global\studi-kasus\system\Commands\Server\rewrite.php(43): require_once('D:\\pt-bisnis-in...')
#7 {main}
CRITICAL - 2022-03-29 12:32:37 --> explode(): Argument #1 ($separator) cannot be empty
#0 D:\pt-bisnis-integrasi-global\studi-kasus\app\Filters\Auth.php(37): explode('', '')
#1 D:\pt-bisnis-integrasi-global\studi-kasus\system\Filters\Filters.php(173): App\Filters\Auth->before(Object(CodeIgniter\HTTP\IncomingRequest), NULL)
#2 D:\pt-bisnis-integrasi-global\studi-kasus\system\CodeIgniter.php(393): CodeIgniter\Filters\Filters->run('/', 'before')
#3 D:\pt-bisnis-integrasi-global\studi-kasus\system\CodeIgniter.php(326): CodeIgniter\CodeIgniter->handleRequest(NULL, Object(Config\Cache), false)
#4 D:\pt-bisnis-integrasi-global\studi-kasus\public\index.php(37): CodeIgniter\CodeIgniter->run()
#5 D:\pt-bisnis-integrasi-global\studi-kasus\system\Commands\Server\rewrite.php(43): require_once('D:\\pt-bisnis-in...')
#6 {main}
CRITICAL - 2022-03-29 12:32:38 --> explode(): Argument #1 ($separator) cannot be empty
#0 D:\pt-bisnis-integrasi-global\studi-kasus\app\Filters\Auth.php(37): explode('', '')
#1 D:\pt-bisnis-integrasi-global\studi-kasus\system\Filters\Filters.php(173): App\Filters\Auth->before(Object(CodeIgniter\HTTP\IncomingRequest), NULL)
#2 D:\pt-bisnis-integrasi-global\studi-kasus\system\CodeIgniter.php(393): CodeIgniter\Filters\Filters->run('/', 'before')
#3 D:\pt-bisnis-integrasi-global\studi-kasus\system\CodeIgniter.php(326): CodeIgniter\CodeIgniter->handleRequest(NULL, Object(Config\Cache), false)
#4 D:\pt-bisnis-integrasi-global\studi-kasus\public\index.php(37): CodeIgniter\CodeIgniter->run()
#5 D:\pt-bisnis-integrasi-global\studi-kasus\system\Commands\Server\rewrite.php(43): require_once('D:\\pt-bisnis-in...')
#6 {main}
CRITICAL - 2022-03-29 12:32:40 --> explode(): Argument #1 ($separator) cannot be empty
#0 D:\pt-bisnis-integrasi-global\studi-kasus\app\Filters\Auth.php(37): explode('', '')
#1 D:\pt-bisnis-integrasi-global\studi-kasus\system\Filters\Filters.php(173): App\Filters\Auth->before(Object(CodeIgniter\HTTP\IncomingRequest), NULL)
#2 D:\pt-bisnis-integrasi-global\studi-kasus\system\CodeIgniter.php(393): CodeIgniter\Filters\Filters->run('/', 'before')
#3 D:\pt-bisnis-integrasi-global\studi-kasus\system\CodeIgniter.php(326): CodeIgniter\CodeIgniter->handleRequest(NULL, Object(Config\Cache), false)
#4 D:\pt-bisnis-integrasi-global\studi-kasus\public\index.php(37): CodeIgniter\CodeIgniter->run()
#5 D:\pt-bisnis-integrasi-global\studi-kasus\system\Commands\Server\rewrite.php(43): require_once('D:\\pt-bisnis-in...')
#6 {main}
CRITICAL - 2022-03-29 12:33:01 --> explode(): Argument #1 ($separator) cannot be empty
#0 D:\pt-bisnis-integrasi-global\studi-kasus\app\Filters\Auth.php(37): explode('', ' ')
#1 D:\pt-bisnis-integrasi-global\studi-kasus\system\Filters\Filters.php(173): App\Filters\Auth->before(Object(CodeIgniter\HTTP\IncomingRequest), NULL)
#2 D:\pt-bisnis-integrasi-global\studi-kasus\system\CodeIgniter.php(393): CodeIgniter\Filters\Filters->run('/', 'before')
#3 D:\pt-bisnis-integrasi-global\studi-kasus\system\CodeIgniter.php(326): CodeIgniter\CodeIgniter->handleRequest(NULL, Object(Config\Cache), false)
#4 D:\pt-bisnis-integrasi-global\studi-kasus\public\index.php(37): CodeIgniter\CodeIgniter->run()
#5 D:\pt-bisnis-integrasi-global\studi-kasus\system\Commands\Server\rewrite.php(43): require_once('D:\\pt-bisnis-in...')
#6 {main}
CRITICAL - 2022-03-29 12:33:19 --> explode(): Argument #1 ($separator) cannot be empty
#0 D:\pt-bisnis-integrasi-global\studi-kasus\app\Filters\Auth.php(37): explode('', '')
#1 D:\pt-bisnis-integrasi-global\studi-kasus\system\Filters\Filters.php(173): App\Filters\Auth->before(Object(CodeIgniter\HTTP\IncomingRequest), NULL)
#2 D:\pt-bisnis-integrasi-global\studi-kasus\system\CodeIgniter.php(393): CodeIgniter\Filters\Filters->run('/', 'before')
#3 D:\pt-bisnis-integrasi-global\studi-kasus\system\CodeIgniter.php(326): CodeIgniter\CodeIgniter->handleRequest(NULL, Object(Config\Cache), false)
#4 D:\pt-bisnis-integrasi-global\studi-kasus\public\index.php(37): CodeIgniter\CodeIgniter->run()
#5 D:\pt-bisnis-integrasi-global\studi-kasus\system\Commands\Server\rewrite.php(43): require_once('D:\\pt-bisnis-in...')
#6 {main}
CRITICAL - 2022-03-29 12:33:21 --> explode(): Argument #1 ($separator) cannot be empty
#0 D:\pt-bisnis-integrasi-global\studi-kasus\app\Filters\Auth.php(37): explode('', '')
#1 D:\pt-bisnis-integrasi-global\studi-kasus\system\Filters\Filters.php(173): App\Filters\Auth->before(Object(CodeIgniter\HTTP\IncomingRequest), NULL)
#2 D:\pt-bisnis-integrasi-global\studi-kasus\system\CodeIgniter.php(393): CodeIgniter\Filters\Filters->run('/', 'before')
#3 D:\pt-bisnis-integrasi-global\studi-kasus\system\CodeIgniter.php(326): CodeIgniter\CodeIgniter->handleRequest(NULL, Object(Config\Cache), false)
#4 D:\pt-bisnis-integrasi-global\studi-kasus\public\index.php(37): CodeIgniter\CodeIgniter->run()
#5 D:\pt-bisnis-integrasi-global\studi-kasus\system\Commands\Server\rewrite.php(43): require_once('D:\\pt-bisnis-in...')
#6 {main}
CRITICAL - 2022-03-29 12:33:21 --> explode(): Argument #1 ($separator) cannot be empty
#0 D:\pt-bisnis-integrasi-global\studi-kasus\app\Filters\Auth.php(37): explode('', '')
#1 D:\pt-bisnis-integrasi-global\studi-kasus\system\Filters\Filters.php(173): App\Filters\Auth->before(Object(CodeIgniter\HTTP\IncomingRequest), NULL)
#2 D:\pt-bisnis-integrasi-global\studi-kasus\system\CodeIgniter.php(393): CodeIgniter\Filters\Filters->run('/', 'before')
#3 D:\pt-bisnis-integrasi-global\studi-kasus\system\CodeIgniter.php(326): CodeIgniter\CodeIgniter->handleRequest(NULL, Object(Config\Cache), false)
#4 D:\pt-bisnis-integrasi-global\studi-kasus\public\index.php(37): CodeIgniter\CodeIgniter->run()
#5 D:\pt-bisnis-integrasi-global\studi-kasus\system\Commands\Server\rewrite.php(43): require_once('D:\\pt-bisnis-in...')
#6 {main}
CRITICAL - 2022-03-29 12:33:22 --> explode(): Argument #1 ($separator) cannot be empty
#0 D:\pt-bisnis-integrasi-global\studi-kasus\app\Filters\Auth.php(37): explode('', '')
#1 D:\pt-bisnis-integrasi-global\studi-kasus\system\Filters\Filters.php(173): App\Filters\Auth->before(Object(CodeIgniter\HTTP\IncomingRequest), NULL)
#2 D:\pt-bisnis-integrasi-global\studi-kasus\system\CodeIgniter.php(393): CodeIgniter\Filters\Filters->run('/', 'before')
#3 D:\pt-bisnis-integrasi-global\studi-kasus\system\CodeIgniter.php(326): CodeIgniter\CodeIgniter->handleRequest(NULL, Object(Config\Cache), false)
#4 D:\pt-bisnis-integrasi-global\studi-kasus\public\index.php(37): CodeIgniter\CodeIgniter->run()
#5 D:\pt-bisnis-integrasi-global\studi-kasus\system\Commands\Server\rewrite.php(43): require_once('D:\\pt-bisnis-in...')
#6 {main}
CRITICAL - 2022-03-29 12:33:22 --> explode(): Argument #1 ($separator) cannot be empty
#0 D:\pt-bisnis-integrasi-global\studi-kasus\app\Filters\Auth.php(37): explode('', '')
#1 D:\pt-bisnis-integrasi-global\studi-kasus\system\Filters\Filters.php(173): App\Filters\Auth->before(Object(CodeIgniter\HTTP\IncomingRequest), NULL)
#2 D:\pt-bisnis-integrasi-global\studi-kasus\system\CodeIgniter.php(393): CodeIgniter\Filters\Filters->run('/', 'before')
#3 D:\pt-bisnis-integrasi-global\studi-kasus\system\CodeIgniter.php(326): CodeIgniter\CodeIgniter->handleRequest(NULL, Object(Config\Cache), false)
#4 D:\pt-bisnis-integrasi-global\studi-kasus\public\index.php(37): CodeIgniter\CodeIgniter->run()
#5 D:\pt-bisnis-integrasi-global\studi-kasus\system\Commands\Server\rewrite.php(43): require_once('D:\\pt-bisnis-in...')
#6 {main}
CRITICAL - 2022-03-29 12:33:24 --> explode(): Argument #1 ($separator) cannot be empty
#0 D:\pt-bisnis-integrasi-global\studi-kasus\app\Filters\Auth.php(37): explode('', '')
#1 D:\pt-bisnis-integrasi-global\studi-kasus\system\Filters\Filters.php(173): App\Filters\Auth->before(Object(CodeIgniter\HTTP\IncomingRequest), NULL)
#2 D:\pt-bisnis-integrasi-global\studi-kasus\system\CodeIgniter.php(393): CodeIgniter\Filters\Filters->run('/', 'before')
#3 D:\pt-bisnis-integrasi-global\studi-kasus\system\CodeIgniter.php(326): CodeIgniter\CodeIgniter->handleRequest(NULL, Object(Config\Cache), false)
#4 D:\pt-bisnis-integrasi-global\studi-kasus\public\index.php(37): CodeIgniter\CodeIgniter->run()
#5 D:\pt-bisnis-integrasi-global\studi-kasus\system\Commands\Server\rewrite.php(43): require_once('D:\\pt-bisnis-in...')
#6 {main}
CRITICAL - 2022-03-29 12:34:04 --> Undefined array key 1
#0 D:\pt-bisnis-integrasi-global\studi-kasus\app\Filters\Auth.php(37): CodeIgniter\Debug\Exceptions->errorHandler(2, 'Undefined array...', 'D:\\pt-bisnis-in...', 37)
#1 D:\pt-bisnis-integrasi-global\studi-kasus\system\Filters\Filters.php(173): App\Filters\Auth->before(Object(CodeIgniter\HTTP\IncomingRequest), NULL)
#2 D:\pt-bisnis-integrasi-global\studi-kasus\system\CodeIgniter.php(393): CodeIgniter\Filters\Filters->run('/', 'before')
#3 D:\pt-bisnis-integrasi-global\studi-kasus\system\CodeIgniter.php(326): CodeIgniter\CodeIgniter->handleRequest(NULL, Object(Config\Cache), false)
#4 D:\pt-bisnis-integrasi-global\studi-kasus\public\index.php(37): CodeIgniter\CodeIgniter->run()
#5 D:\pt-bisnis-integrasi-global\studi-kasus\system\Commands\Server\rewrite.php(43): require_once('D:\\pt-bisnis-in...')
#6 {main}
CRITICAL - 2022-03-29 12:34:28 --> Undefined array key 1
#0 D:\pt-bisnis-integrasi-global\studi-kasus\app\Filters\Auth.php(37): CodeIgniter\Debug\Exceptions->errorHandler(2, 'Undefined array...', 'D:\\pt-bisnis-in...', 37)
#1 D:\pt-bisnis-integrasi-global\studi-kasus\system\Filters\Filters.php(173): App\Filters\Auth->before(Object(CodeIgniter\HTTP\IncomingRequest), NULL)
#2 D:\pt-bisnis-integrasi-global\studi-kasus\system\CodeIgniter.php(393): CodeIgniter\Filters\Filters->run('/', 'before')
#3 D:\pt-bisnis-integrasi-global\studi-kasus\system\CodeIgniter.php(326): CodeIgniter\CodeIgniter->handleRequest(NULL, Object(Config\Cache), false)
#4 D:\pt-bisnis-integrasi-global\studi-kasus\public\index.php(37): CodeIgniter\CodeIgniter->run()
#5 D:\pt-bisnis-integrasi-global\studi-kasus\system\Commands\Server\rewrite.php(43): require_once('D:\\pt-bisnis-in...')
#6 {main}
CRITICAL - 2022-03-29 12:34:29 --> Undefined array key 1
#0 D:\pt-bisnis-integrasi-global\studi-kasus\app\Filters\Auth.php(37): CodeIgniter\Debug\Exceptions->errorHandler(2, 'Undefined array...', 'D:\\pt-bisnis-in...', 37)
#1 D:\pt-bisnis-integrasi-global\studi-kasus\system\Filters\Filters.php(173): App\Filters\Auth->before(Object(CodeIgniter\HTTP\IncomingRequest), NULL)
#2 D:\pt-bisnis-integrasi-global\studi-kasus\system\CodeIgniter.php(393): CodeIgniter\Filters\Filters->run('/', 'before')
#3 D:\pt-bisnis-integrasi-global\studi-kasus\system\CodeIgniter.php(326): CodeIgniter\CodeIgniter->handleRequest(NULL, Object(Config\Cache), false)
#4 D:\pt-bisnis-integrasi-global\studi-kasus\public\index.php(37): CodeIgniter\CodeIgniter->run()
#5 D:\pt-bisnis-integrasi-global\studi-kasus\system\Commands\Server\rewrite.php(43): require_once('D:\\pt-bisnis-in...')
#6 {main}
CRITICAL - 2022-03-29 12:34:41 --> explode(): Passing null to parameter #2 ($string) of type string is deprecated
#0 [internal function]: CodeIgniter\Debug\Exceptions->errorHandler(8192, 'explode(): Pass...', 'D:\\pt-bisnis-in...', 37)
#1 D:\pt-bisnis-integrasi-global\studi-kasus\app\Filters\Auth.php(37): explode(' ', NULL)
#2 D:\pt-bisnis-integrasi-global\studi-kasus\system\Filters\Filters.php(173): App\Filters\Auth->before(Object(CodeIgniter\HTTP\IncomingRequest), NULL)
#3 D:\pt-bisnis-integrasi-global\studi-kasus\system\CodeIgniter.php(393): CodeIgniter\Filters\Filters->run('/', 'before')
#4 D:\pt-bisnis-integrasi-global\studi-kasus\system\CodeIgniter.php(326): CodeIgniter\CodeIgniter->handleRequest(NULL, Object(Config\Cache), false)
#5 D:\pt-bisnis-integrasi-global\studi-kasus\public\index.php(37): CodeIgniter\CodeIgniter->run()
#6 D:\pt-bisnis-integrasi-global\studi-kasus\system\Commands\Server\rewrite.php(43): require_once('D:\\pt-bisnis-in...')
#7 {main}
CRITICAL - 2022-03-29 12:34:59 --> explode(): Passing null to parameter #2 ($string) of type string is deprecated
#0 [internal function]: CodeIgniter\Debug\Exceptions->errorHandler(8192, 'explode(): Pass...', 'D:\\pt-bisnis-in...', 37)
#1 D:\pt-bisnis-integrasi-global\studi-kasus\app\Filters\Auth.php(37): explode(' ', NULL, '')
#2 D:\pt-bisnis-integrasi-global\studi-kasus\system\Filters\Filters.php(173): App\Filters\Auth->before(Object(CodeIgniter\HTTP\IncomingRequest), NULL)
#3 D:\pt-bisnis-integrasi-global\studi-kasus\system\CodeIgniter.php(393): CodeIgniter\Filters\Filters->run('/', 'before')
#4 D:\pt-bisnis-integrasi-global\studi-kasus\system\CodeIgniter.php(326): CodeIgniter\CodeIgniter->handleRequest(NULL, Object(Config\Cache), false)
#5 D:\pt-bisnis-integrasi-global\studi-kasus\public\index.php(37): CodeIgniter\CodeIgniter->run()
#6 D:\pt-bisnis-integrasi-global\studi-kasus\system\Commands\Server\rewrite.php(43): require_once('D:\\pt-bisnis-in...')
#7 {main}
CRITICAL - 2022-03-29 12:35:03 --> explode(): Passing null to parameter #2 ($string) of type string is deprecated
#0 [internal function]: CodeIgniter\Debug\Exceptions->errorHandler(8192, 'explode(): Pass...', 'D:\\pt-bisnis-in...', 37)
#1 D:\pt-bisnis-integrasi-global\studi-kasus\app\Filters\Auth.php(37): explode(' ', NULL, ' ')
#2 D:\pt-bisnis-integrasi-global\studi-kasus\system\Filters\Filters.php(173): App\Filters\Auth->before(Object(CodeIgniter\HTTP\IncomingRequest), NULL)
#3 D:\pt-bisnis-integrasi-global\studi-kasus\system\CodeIgniter.php(393): CodeIgniter\Filters\Filters->run('/', 'before')
#4 D:\pt-bisnis-integrasi-global\studi-kasus\system\CodeIgniter.php(326): CodeIgniter\CodeIgniter->handleRequest(NULL, Object(Config\Cache), false)
#5 D:\pt-bisnis-integrasi-global\studi-kasus\public\index.php(37): CodeIgniter\CodeIgniter->run()
#6 D:\pt-bisnis-integrasi-global\studi-kasus\system\Commands\Server\rewrite.php(43): require_once('D:\\pt-bisnis-in...')
#7 {main}
